Arguments: 
  C:\Program Files\nodejs\node.exe C:\Users\cksk\AppData\Roaming\npm\node_modules\yarn\bin\yarn.js init

PATH: 
  C:\Users\cksk\Desktop\projects\text-edit\node_modules\.bin;C:\Users\cksk\Desktop\projects\node_modules\.bin;C:\Users\cksk\Desktop\node_modules\.bin;C:\Users\cksk\node_modules\.bin;C:\Users\node_modules\.bin;C:\node_modules\.bin;C:\Program Files\nodejs\node_modules\npm\node_modules\@npmcli\run-script\lib\node-gyp-bin;C:\Users\cksk\AppData\Roaming\npm;C:\Users\cksk\bin;C:\Program Files\Git\mingw64\bin;C:\Program Files\Git\usr\local\bin;C:\Program Files\Git\usr\bin;C:\Program Files\Git\usr\bin;C:\Program Files\Git\mingw64\bin;C:\Program Files\Git\usr\bin;C:\Users\cksk\bin;C:\Program Files\Common Files\Oracle\Java\javapath;C:\Program Files (x86)\Common Files\Oracle\Java\javapath;C:\ProgramData\Oracle\Java\javapath;C:\Program Files (x86)\Intel\iCLS Client;C:\Program Files\Intel\iCLS Client;C:\WINDOWS\system32;C:\WINDOWS;C:\WINDOWS\System32\Wbem;C:\WINDOWS\System32\WindowsPowerShell\v1.0;C:\Program Files (x86)\Intel\Intel(R) Management Engine Components\DAL;C:\Program Files\Intel\Intel(R) Management Engine Components\DAL;C:\Program Files (x86)\Intel\Intel(R) Management Engine Components\IPT;C:\Program Files\Intel\Intel(R) Management Engine Components\IPT;C:\WINDOWS\System32\OpenSSH;C:\Program Files\Java\jdk-12.0.2\bin;C:\Program Files (x86)\dotnet;C:\Program Files\dotnet;C:\Program Files\Git\cmd;C:\Program Files\nodejs;C:\Users\Coding\AppData\Local\atom\app-1.58.0\atom.exe;C:\ProgramData\chocolatey\bin;C:\Program Files\CodeBlocks\MinGW\bin;C:\Users\p\AppData\Local\Programs\Python\Python310;C:\Program Files\Sublime Text;C:\PATH_Programs;C:\MinGW64\bin;C:\Program Files\Go\bin;C:\Exercism;C:\Neovim\bin;C:\Users\cksk\AppData\Local\Programs\Python\Python310\Scripts;C:\Users\cksk\AppData\Local\Programs\Python\Python310;C:\Users\cksk\AppData\Local\Programs\Python\Launcher;%USERPROFILE%\AppData\Local\Microsoft\WindowsApps;C:\Users\cksk\AppData\Local\Programs\Microsoft VS Code\bin;%IntelliJ IDEA Community Edition%;%PyCharm Community Edition%;%USERPROFILE%\go\bin;C:\Exercism;C:\Program Files\Git\usr\bin\vendor_perl;C:\Program Files\Git\usr\bin\core_perl

Yarn version: 
  1.22.17

Node version: 
  16.11.1

Platform: 
  win32 x64

Trace: 
  Error: Can't answer a question unless a user TTY
      at ConsoleReporter.question (C:\Users\cksk\AppData\Roaming\npm\node_modules\yarn\lib\cli.js:96935:59)
      at Object.<anonymous> (C:\Users\cksk\AppData\Roaming\npm\node_modules\yarn\lib\cli.js:89125:38)
      at Generator.next (<anonymous>)
      at step (C:\Users\cksk\AppData\Roaming\npm\node_modules\yarn\lib\cli.js:310:30)
      at C:\Users\cksk\AppData\Roaming\npm\node_modules\yarn\lib\cli.js:321:13

npm manifest: 
  No manifest

yarn manifest: 
  No manifest

Lockfile: 
  No lockfile
